warning: Git tree '/Users/mei/nixos-config' is dirty
evaluating flake...
checking flake output 'devShells'...
checking derivation devShells.aarch64-darwin.default...
derivation evaluated to /nix/store/yvdv8pljvyc510w8idfwra434vqvskzq-nix-shell.drv
checking flake output 'apps'...
checking app 'apps.aarch64-darwin.apply'...
warning: app 'apps.aarch64-darwin.apply' lacks attribute 'meta'
checking app 'apps.aarch64-darwin.build-switch'...
warning: app 'apps.aarch64-darwin.build-switch' lacks attribute 'meta'
checking app 'apps.aarch64-darwin.clean'...
warning: app 'apps.aarch64-darwin.clean' lacks attribute 'meta'
checking app 'apps.aarch64-darwin.copy-keys'...
warning: app 'apps.aarch64-darwin.copy-keys' lacks attribute 'meta'
checking app 'apps.aarch64-darwin.create-keys'...
warning: app 'apps.aarch64-darwin.create-keys' lacks attribute 'meta'
checking app 'apps.aarch64-darwin.check-keys'...
warning: app 'apps.aarch64-darwin.check-keys' lacks attribute 'meta'
checking app 'apps.aarch64-darwin.search-pkgs'...
warning: app 'apps.aarch64-darwin.search-pkgs' lacks attribute 'meta'
checking app 'apps.aarch64-darwin.build'...
warning: app 'apps.aarch64-darwin.build' lacks attribute 'meta'
checking app 'apps.aarch64-darwin.rollback'...
warning: app 'apps.aarch64-darwin.rollback' lacks attribute 'meta'
checking flake output 'homeConfigurations'...
checking flake output 'darwinConfigurations'...
checking flake output 'nixosConfigurations'...
checking NixOS configuration 'nixosConfigurations.x86_64-linux'...
error:
       … while checking flake output 'nixosConfigurations'
         at /Users/mei/nixos-config/flake.nix:387:7:
          386|
          387|       nixosConfigurations = nixpkgs.lib.genAttrs linuxSystems (system: nixpkgs.lib.nixosSystem {
             |       ^
          388|         inherit system;

       … while checking the NixOS configuration 'nixosConfigurations.x86_64-linux'
         at «github:nixos/nixpkgs/b12141ef619e0a9c1c84dc8c684040326f27cdcc?narHash=sha256-ZSK0NL4a1BwVbbTBoSnWgbJy9HeZFXLYQizjb2DPF24%3D»/lib/attrsets.nix:982:47:
          981|   */
          982|   nameValuePair = name: value: { inherit name value; };
             |                                               ^
          983|

       … while evaluating the option `system.build.toplevel':

       … while evaluating definitions from `/nix/store/qmqfjcv57sha8g976zqycdkvairb461j-source/nixos/modules/system/activation/top-level.nix':

       … while evaluating the option `assertions':

       … while evaluating definitions from `/nix/store/qmqfjcv57sha8g976zqycdkvairb461j-source/nixos/modules/system/boot/systemd.nix':

       … while evaluating the option `systemd.services':

       … while evaluating definitions from `/nix/store/qmqfjcv57sha8g976zqycdkvairb461j-source/nixos/modules/services/logging/logrotate.nix':

       … while evaluating the option `services.logrotate.enable':

       … while evaluating the option `users.groups':

       … while evaluating definitions from `/nix/store/qmqfjcv57sha8g976zqycdkvairb461j-source/nixos/modules/config/resolvconf.nix':

       … while evaluating the option `networking.resolvconf.enable':

       … while evaluating the option `environment.etc':

       … while evaluating definitions from `/nix/store/qmqfjcv57sha8g976zqycdkvairb461j-source/nixos/modules/tasks/network-interfaces.nix':

       … while evaluating the option `networking.hostName':

       (stack trace truncated; use '--show-trace' to show the full, detailed trace)

       error: A definition for option `networking.hostName' is not of type `string matching the pattern ^$|^[[:alnum:]]([[:alnum:]_-]{0,61}[[:alnum:]])?$'. Definition values:
       - In `/nix/store/gmdrjwagwxrl3lx9wicpaqpjxlh3sjm6-source/hosts/nixos': "%HOST%"

exit=1
